1623860252002	geckodriver	INFO	Listening on 127.0.0.1:52233
1623860253012	mozrunner::runner	INFO	Running command: "/usr/bin/firefox" "--marionette" "-foreground" "-no-remote" "-profile" "/tmp/rust_mozprofilejNpwTy"
1623860253439	Marionette	INFO	Marionette enabled
console.warn: SearchSettings: "get: No settings file exists, new profile?" (new NotFoundError("Could not open the file at /tmp/rust_mozprofilejNpwTy/search.json.mozlz4", (void 0)))
1623860254736	Marionette	INFO	Listening on port 42443
1623860254827	Marionette	WARN	TLS certificate errors will be ignored for this session
1623860470181	Marionette	INFO	Stopped listening on port 42443

###!!! [Parent][RunMessage] Error: Channel closing: too late to send/recv, messages will be lost

1623863315993	geckodriver	INFO	Listening on 127.0.0.1:46301
1623863317003	mozrunner::runner	INFO	Running command: "/usr/bin/firefox" "--marionette" "-foreground" "-no-remote" "-profile" "/tmp/rust_mozprofilexJCsPM"
1623863317493	Marionette	INFO	Marionette enabled
console.warn: SearchSettings: "get: No settings file exists, new profile?" (new NotFoundError("Could not open the file at /tmp/rust_mozprofilexJCsPM/search.json.mozlz4", (void 0)))
1623863318611	Marionette	INFO	Listening on port 32829
1623863318744	Marionette	WARN	TLS certificate errors will be ignored for this session
1623863393674	geckodriver	INFO	Listening on 127.0.0.1:55783
1623863394684	mozrunner::runner	INFO	Running command: "/usr/bin/firefox" "--marionette" "-foreground" "-no-remote" "-profile" "/tmp/rust_mozprofileXSjJ9x"
1623863395133	Marionette	INFO	Marionette enabled
console.warn: SearchSettings: "get: No settings file exists, new profile?" (new NotFoundError("Could not open the file at /tmp/rust_mozprofileXSjJ9x/search.json.mozlz4", (void 0)))
1623863396526	Marionette	INFO	Listening on port 41361
1623863396600	Marionette	WARN	TLS certificate errors will be ignored for this session
1623864045895	Marionette	INFO	Stopped listening on port 41361

###!!! [Parent][RunMessage] Error: Channel closing: too late to send/recv, messages will be lost

1623864046392	Marionette	INFO	Stopped listening on port 32829

###!!! [Parent][RunMessage] Error: Channel closing: too late to send/recv, messages will be lost

1623877525774	geckodriver	INFO	Listening on 127.0.0.1:52405
1623877526776	mozrunner::runner	INFO	Running command: "/usr/bin/firefox" "--marionette" "-foreground" "-no-remote" "-profile" "/tmp/rust_mozprofiletdSfGT"
1623877527176	Marionette	INFO	Marionette enabled
console.warn: SearchSettings: "get: No settings file exists, new profile?" (new NotFoundError("Could not open the file at /tmp/rust_mozprofiletdSfGT/search.json.mozlz4", (void 0)))
1623877528403	Marionette	INFO	Listening on port 46107
1623877528501	Marionette	WARN	TLS certificate errors will be ignored for this session
IPDL protocol error: Handler returned error code!

###!!! [Parent][DispatchAsyncMessage] Error: PMessagePort::Msg_PostMessages Processing error: message was deserialized, but the handler returned false (indicating failure)

JavaScript error: https://mediamarkt.pl/akam-sw.js, line 1: TypeError: r is undefined
JavaScript error: https://mediamarkt.pl/akam-sw.js, line 1: TypeError: r is undefined
IPDL protocol error: Handler returned error code!

###!!! [Parent][DispatchAsyncMessage] Error: PMessagePort::Msg_PostMessages Processing error: message was deserialized, but the handler returned false (indicating failure)

JavaScript error: https://mediasaturn.salesmanago.pl/static/sm.js?Aka3pmProtected=true, line 1: Error: Loading chunk 5 failed.
JavaScript error: , line 0: uncaught exception: undefined
IPDL protocol error: Handler returned error code!

###!!! [Parent][DispatchAsyncMessage] Error: PMessagePort::Msg_PostMessages Processing error: message was deserialized, but the handler returned false (indicating failure)

JavaScript error: https://mediasaturn.salesmanago.pl/static/sm.js?Aka3pmProtected=true, line 1: Error: Loading chunk 5 failed.
JavaScript error: , line 0: uncaught exception: undefined
JavaScript error: https://mediasaturn.salesmanago.pl/static/sm.js?Aka3pmProtected=true, line 1: Error: Loading chunk 5 failed.
JavaScript error: , line 0: uncaught exception: undefined
IPDL protocol error: Handler returned error code!

###!!! [Parent][DispatchAsyncMessage] Error: PMessagePort::Msg_PostMessages Processing error: message was deserialized, but the handler returned false (indicating failure)

JavaScript error: https://mediasaturn.salesmanago.pl/static/sm.js?Aka3pmProtected=true, line 1: Error: Loading chunk 5 failed.
JavaScript error: , line 0: uncaught exception: undefined
IPDL protocol error: Handler returned error code!

###!!! [Parent][DispatchAsyncMessage] Error: PMessagePort::Msg_PostMessages Processing error: message was deserialized, but the handler returned false (indicating failure)

JavaScript error: https://mediasaturn.salesmanago.pl/static/sm.js?Aka3pmProtected=true, line 1: Error: Loading chunk 5 failed.
JavaScript error: , line 0: uncaught exception: undefined
IPDL protocol error: Handler returned error code!

###!!! [Parent][DispatchAsyncMessage] Error: PMessagePort::Msg_PostMessages Processing error: message was deserialized, but the handler returned false (indicating failure)

JavaScript error: https://mediasaturn.salesmanago.pl/static/sm.js?Aka3pmProtected=true, line 1: Error: Loading chunk 5 failed.
JavaScript error: , line 0: uncaught exception: undefined
JavaScript error: https://mediasaturn.salesmanago.pl/static/sm.js?Aka3pmProtected=true, line 1: Error: Loading chunk 5 failed.
JavaScript error: , line 0: uncaught exception: undefined
1623877728573	Marionette	INFO	Stopped listening on port 46107

###!!! [Parent][RunMessage] Error: Channel closing: too late to send/recv, messages will be lost

1623878060981	geckodriver	INFO	Listening on 127.0.0.1:42583
1623878061990	mozrunner::runner	INFO	Running command: "/usr/bin/firefox" "--marionette" "-foreground" "-no-remote" "-profile" "/tmp/rust_mozprofilew7wnHG"
1623878062432	Marionette	INFO	Marionette enabled
console.warn: SearchSettings: "get: No settings file exists, new profile?" (new NotFoundError("Could not open the file at /tmp/rust_mozprofilew7wnHG/search.json.mozlz4", (void 0)))
1623878063594	Marionette	INFO	Listening on port 40399
1623878063712	Marionette	WARN	TLS certificate errors will be ignored for this session
1623878678948	Marionette	INFO	Stopped listening on port 40399

###!!! [Parent][RunMessage] Error: Channel closing: too late to send/recv, messages will be lost

1623878680096	geckodriver	INFO	Listening on 127.0.0.1:54401
1623878680099	mozrunner::runner	INFO	Running command: "/usr/bin/firefox" "--marionette" "-foreground" "-no-remote" "-profile" "/tmp/rust_mozprofileM8CjNz"
1623878680533	Marionette	INFO	Marionette enabled
console.warn: SearchSettings: "get: No settings file exists, new profile?" (new NotFoundError("Could not open the file at /tmp/rust_mozprofileM8CjNz/search.json.mozlz4", (void 0)))
1623878681718	Marionette	INFO	Listening on port 38225
1623878681816	Marionette	WARN	TLS certificate errors will be ignored for this session
1623879101805	Marionette	INFO	Stopped listening on port 38225

###!!! [Parent][RunMessage] Error: Channel closing: too late to send/recv, messages will be lost

1623953724625	geckodriver	INFO	Listening on 127.0.0.1:41577
1623953725631	mozrunner::runner	INFO	Running command: "/usr/bin/firefox" "--marionette" "-foreground" "-no-remote" "-profile" "/tmp/rust_mozprofileKYvOGm"
1623953726034	Marionette	INFO	Marionette enabled
console.warn: SearchSettings: "get: No settings file exists, new profile?" (new NotFoundError("Could not open the file at /tmp/rust_mozprofileKYvOGm/search.json.mozlz4", (void 0)))
1623953727182	Marionette	INFO	Listening on port 37389
1623953727277	Marionette	WARN	TLS certificate errors will be ignored for this session
IPDL protocol error: Handler returned error code!

###!!! [Parent][DispatchAsyncMessage] Error: PMessagePort::Msg_PostMessages Processing error: message was deserialized, but the handler returned false (indicating failure)

IPDL protocol error: Handler returned error code!

###!!! [Parent][DispatchAsyncMessage] Error: PMessagePort::Msg_PostMessages Processing error: message was deserialized, but the handler returned false (indicating failure)

IPDL protocol error: Handler returned error code!

###!!! [Parent][DispatchAsyncMessage] Error: PMessagePort::Msg_PostMessages Processing error: message was deserialized, but the handler returned false (indicating failure)

IPDL protocol error: Handler returned error code!

###!!! [Parent][DispatchAsyncMessage] Error: PMessagePort::Msg_PostMessages Processing error: message was deserialized, but the handler returned false (indicating failure)

IPDL protocol error: Handler returned error code!

###!!! [Parent][DispatchAsyncMessage] Error: PMessagePort::Msg_PostMessages Processing error: message was deserialized, but the handler returned false (indicating failure)

IPDL protocol error: Handler returned error code!

###!!! [Parent][DispatchAsyncMessage] Error: PMessagePort::Msg_PostMessages Processing error: message was deserialized, but the handler returned false (indicating failure)

IPDL protocol error: Handler returned error code!

###!!! [Parent][DispatchAsyncMessage] Error: PMessagePort::Msg_PostMessages Processing error: message was deserialized, but the handler returned false (indicating failure)

IPDL protocol error: Handler returned error code!

###!!! [Parent][DispatchAsyncMessage] Error: PMessagePort::Msg_PostMessages Processing error: message was deserialized, but the handler returned false (indicating failure)

1623953924883	Marionette	INFO	Stopped listening on port 37389

###!!! [Parent][RunMessage] Error: Channel closing: too late to send/recv, messages will be lost

1623954119932	geckodriver	INFO	Listening on 127.0.0.1:46899
1623954119934	mozrunner::runner	INFO	Running command: "/usr/bin/firefox" "--marionette" "-foreground" "-no-remote" "-profile" "/tmp/rust_mozprofilew7WSo1"
1623954120355	Marionette	INFO	Marionette enabled
console.warn: SearchSettings: "get: No settings file exists, new profile?" (new NotFoundError("Could not open the file at /tmp/rust_mozprofilew7WSo1/search.json.mozlz4", (void 0)))
1623954121495	Marionette	INFO	Listening on port 45145
1623954121549	Marionette	WARN	TLS certificate errors will be ignored for this session
IPDL protocol error: Handler returned error code!

###!!! [Parent][DispatchAsyncMessage] Error: PMessagePort::Msg_PostMessages Processing error: message was deserialized, but the handler returned false (indicating failure)

IPDL protocol error: Handler returned error code!

###!!! [Parent][DispatchAsyncMessage] Error: PMessagePort::Msg_PostMessages Processing error: message was deserialized, but the handler returned false (indicating failure)

IPDL protocol error: Handler returned error code!

###!!! [Parent][DispatchAsyncMessage] Error: PMessagePort::Msg_PostMessages Processing error: message was deserialized, but the handler returned false (indicating failure)

IPDL protocol error: Handler returned error code!

###!!! [Parent][DispatchAsyncMessage] Error: PMessagePort::Msg_PostMessages Processing error: message was deserialized, but the handler returned false (indicating failure)

IPDL protocol error: Handler returned error code!

###!!! [Parent][DispatchAsyncMessage] Error: PMessagePort::Msg_PostMessages Processing error: message was deserialized, but the handler returned false (indicating failure)

1623954193061	Marionette	INFO	Stopped listening on port 45145

###!!! [Parent][RunMessage] Error: Channel closing: too late to send/recv, messages will be lost

1623954485749	geckodriver	INFO	Listening on 127.0.0.1:44797
1623954485751	mozrunner::runner	INFO	Running command: "/usr/bin/firefox" "--marionette" "-foreground" "-no-remote" "-profile" "/tmp/rust_mozprofileAT7Kwk"
1623954486158	Marionette	INFO	Marionette enabled
console.warn: SearchSettings: "get: No settings file exists, new profile?" (new NotFoundError("Could not open the file at /tmp/rust_mozprofileAT7Kwk/search.json.mozlz4", (void 0)))
1623954487186	Marionette	INFO	Listening on port 35437
1623954487271	Marionette	WARN	TLS certificate errors will be ignored for this session
IPDL protocol error: Handler returned error code!

###!!! [Parent][DispatchAsyncMessage] Error: PMessagePort::Msg_PostMessages Processing error: message was deserialized, but the handler returned false (indicating failure)

IPDL protocol error: Handler returned error code!

###!!! [Parent][DispatchAsyncMessage] Error: PMessagePort::Msg_PostMessages Processing error: message was deserialized, but the handler returned false (indicating failure)

IPDL protocol error: Handler returned error code!

###!!! [Parent][DispatchAsyncMessage] Error: PMessagePort::Msg_PostMessages Processing error: message was deserialized, but the handler returned false (indicating failure)

IPDL protocol error: Handler returned error code!

###!!! [Parent][DispatchAsyncMessage] Error: PMessagePort::Msg_PostMessages Processing error: message was deserialized, but the handler returned false (indicating failure)

IPDL protocol error: Handler returned error code!

###!!! [Parent][DispatchAsyncMessage] Error: PMessagePort::Msg_PostMessages Processing error: message was deserialized, but the handler returned false (indicating failure)

IPDL protocol error: Handler returned error code!

###!!! [Parent][DispatchAsyncMessage] Error: PMessagePort::Msg_PostMessages Processing error: message was deserialized, but the handler returned false (indicating failure)

IPDL protocol error: Handler returned error code!

###!!! [Parent][DispatchAsyncMessage] Error: PMessagePort::Msg_PostMessages Processing error: message was deserialized, but the handler returned false (indicating failure)

1623954592229	Marionette	INFO	Stopped listening on port 35437

###!!! [Parent][RunMessage] Error: Channel closing: too late to send/recv, messages will be lost

1623958560579	geckodriver	INFO	Listening on 127.0.0.1:48601
1623958561588	mozrunner::runner	INFO	Running command: "/usr/bin/firefox" "--marionette" "-foreground" "-no-remote" "-profile" "/tmp/rust_mozprofileXztl4F"
1623958562050	Marionette	INFO	Marionette enabled
console.warn: SearchSettings: "get: No settings file exists, new profile?" (new NotFoundError("Could not open the file at /tmp/rust_mozprofileXztl4F/search.json.mozlz4", (void 0)))
1623958563124	Marionette	INFO	Listening on port 38633
1623958563206	Marionette	WARN	TLS certificate errors will be ignored for this session
IPDL protocol error: Handler returned error code!

###!!! [Parent][DispatchAsyncMessage] Error: PMessagePort::Msg_PostMessages Processing error: message was deserialized, but the handler returned false (indicating failure)

IPDL protocol error: Handler returned error code!

###!!! [Parent][DispatchAsyncMessage] Error: PMessagePort::Msg_PostMessages Processing error: message was deserialized, but the handler returned false (indicating failure)

IPDL protocol error: Handler returned error code!

###!!! [Parent][DispatchAsyncMessage] Error: PMessagePort::Msg_PostMessages Processing error: message was deserialized, but the handler returned false (indicating failure)

IPDL protocol error: Handler returned error code!

###!!! [Parent][DispatchAsyncMessage] Error: PMessagePort::Msg_PostMessages Processing error: message was deserialized, but the handler returned false (indicating failure)

IPDL protocol error: Handler returned error code!

###!!! [Parent][DispatchAsyncMessage] Error: PMessagePort::Msg_PostMessages Processing error: message was deserialized, but the handler returned false (indicating failure)

IPDL protocol error: Handler returned error code!

###!!! [Parent][DispatchAsyncMessage] Error: PMessagePort::Msg_PostMessages Processing error: message was deserialized, but the handler returned false (indicating failure)

IPDL protocol error: Handler returned error code!

###!!! [Parent][DispatchAsyncMessage] Error: PMessagePort::Msg_PostMessages Processing error: message was deserialized, but the handler returned false (indicating failure)

IPDL protocol error: Handler returned error code!

###!!! [Parent][DispatchAsyncMessage] Error: PMessagePort::Msg_PostMessages Processing error: message was deserialized, but the handler returned false (indicating failure)

IPDL protocol error: Handler returned error code!

###!!! [Parent][DispatchAsyncMessage] Error: PMessagePort::Msg_PostMessages Processing error: message was deserialized, but the handler returned false (indicating failure)

IPDL protocol error: Handler returned error code!

###!!! [Parent][DispatchAsyncMessage] Error: PMessagePort::Msg_PostMessages Processing error: message was deserialized, but the handler returned false (indicating failure)

IPDL protocol error: Handler returned error code!

###!!! [Parent][DispatchAsyncMessage] Error: PMessagePort::Msg_PostMessages Processing error: message was deserialized, but the handler returned false (indicating failure)

1623958661738	Marionette	INFO	Stopped listening on port 38633

###!!! [Parent][RunMessage] Error: Channel closing: too late to send/recv, messages will be lost

1623958708140	geckodriver	INFO	Listening on 127.0.0.1:58407
1623958709143	mozrunner::runner	INFO	Running command: "/usr/bin/firefox" "--marionette" "-foreground" "-no-remote" "-profile" "/tmp/rust_mozprofilexiZf8Z"
1623958709620	Marionette	INFO	Marionette enabled
console.warn: SearchSettings: "get: No settings file exists, new profile?" (new NotFoundError("Could not open the file at /tmp/rust_mozprofilexiZf8Z/search.json.mozlz4", (void 0)))
1623958710739	Marionette	INFO	Listening on port 35305
1623958710758	Marionette	WARN	TLS certificate errors will be ignored for this session
IPDL protocol error: Handler returned error code!

###!!! [Parent][DispatchAsyncMessage] Error: PMessagePort::Msg_PostMessages Processing error: message was deserialized, but the handler returned false (indicating failure)

IPDL protocol error: Handler returned error code!

###!!! [Parent][DispatchAsyncMessage] Error: PMessagePort::Msg_PostMessages Processing error: message was deserialized, but the handler returned false (indicating failure)

IPDL protocol error: Handler returned error code!

###!!! [Parent][DispatchAsyncMessage] Error: PMessagePort::Msg_PostMessages Processing error: message was deserialized, but the handler returned false (indicating failure)

IPDL protocol error: Handler returned error code!

###!!! [Parent][DispatchAsyncMessage] Error: PMessagePort::Msg_PostMessages Processing error: message was deserialized, but the handler returned false (indicating failure)

IPDL protocol error: Handler returned error code!

###!!! [Parent][DispatchAsyncMessage] Error: PMessagePort::Msg_PostMessages Processing error: message was deserialized, but the handler returned false (indicating failure)

IPDL protocol error: Handler returned error code!

###!!! [Parent][DispatchAsyncMessage] Error: PMessagePort::Msg_PostMessages Processing error: message was deserialized, but the handler returned false (indicating failure)

IPDL protocol error: Handler returned error code!

###!!! [Parent][DispatchAsyncMessage] Error: PMessagePort::Msg_PostMessages Processing error: message was deserialized, but the handler returned false (indicating failure)

IPDL protocol error: Handler returned error code!

###!!! [Parent][DispatchAsyncMessage] Error: PMessagePort::Msg_PostMessages Processing error: message was deserialized, but the handler returned false (indicating failure)

IPDL protocol error: Handler returned error code!

###!!! [Parent][DispatchAsyncMessage] Error: PMessagePort::Msg_PostMessages Processing error: message was deserialized, but the handler returned false (indicating failure)

IPDL protocol error: Handler returned error code!

###!!! [Parent][DispatchAsyncMessage] Error: PMessagePort::Msg_PostMessages Processing error: message was deserialized, but the handler returned false (indicating failure)

IPDL protocol error: Handler returned error code!

###!!! [Parent][DispatchAsyncMessage] Error: PMessagePort::Msg_PostMessages Processing error: message was deserialized, but the handler returned false (indicating failure)

IPDL protocol error: Handler returned error code!

###!!! [Parent][DispatchAsyncMessage] Error: PMessagePort::Msg_PostMessages Processing error: message was deserialized, but the handler returned false (indicating failure)

1623958805763	Marionette	INFO	Stopped listening on port 35305

###!!! [Parent][RunMessage] Error: Channel closing: too late to send/recv, messages will be lost

1623960325006	geckodriver	INFO	Listening on 127.0.0.1:48869
1623960326015	mozrunner::runner	INFO	Running command: "/usr/bin/firefox" "--marionette" "-foreground" "-no-remote" "-profile" "/tmp/rust_mozprofileHhsSMl"
1623960326422	Marionette	INFO	Marionette enabled
console.warn: SearchSettings: "get: No settings file exists, new profile?" (new NotFoundError("Could not open the file at /tmp/rust_mozprofileHhsSMl/search.json.mozlz4", (void 0)))
1623960327731	Marionette	INFO	Listening on port 36583
1623960327842	Marionette	WARN	TLS certificate errors will be ignored for this session
JavaScript error: resource:///modules/FaviconLoader.jsm, line 596: InvalidStateError: JSWindowActorChild.sendAsyncMessage: JSWindowActorChild cannot send at the moment
1623960447209	Marionette	INFO	Stopped listening on port 36583

###!!! [Parent][RunMessage] Error: Channel closing: too late to send/recv, messages will be lost

1623961445522	geckodriver	INFO	Listening on 127.0.0.1:39161
1623961446528	mozrunner::runner	INFO	Running command: "/usr/bin/firefox" "--marionette" "-foreground" "-no-remote" "-profile" "/tmp/rust_mozprofilecG8bzV"
1623961446946	Marionette	INFO	Marionette enabled
console.warn: SearchSettings: "get: No settings file exists, new profile?" (new NotFoundError("Could not open the file at /tmp/rust_mozprofilecG8bzV/search.json.mozlz4", (void 0)))
1623961448074	Marionette	INFO	Listening on port 46415
1623961448173	Marionette	WARN	TLS certificate errors will be ignored for this session
1623961875434	Marionette	INFO	Stopped listening on port 46415

###!!! [Parent][RunMessage] Error: Channel closing: too late to send/recv, messages will be lost

1623962068277	geckodriver	INFO	Listening on 127.0.0.1:51875
1623962069281	mozrunner::runner	INFO	Running command: "/usr/bin/firefox" "--marionette" "-foreground" "-no-remote" "-profile" "/tmp/rust_mozprofilesJpCYI"
1623962069690	Marionette	INFO	Marionette enabled
console.warn: SearchSettings: "get: No settings file exists, new profile?" (new NotFoundError("Could not open the file at /tmp/rust_mozprofilesJpCYI/search.json.mozlz4", (void 0)))
1623962070837	Marionette	INFO	Listening on port 41813
1623962070914	Marionette	WARN	TLS certificate errors will be ignored for this session
IPDL protocol error: Handler returned error code!

###!!! [Parent][DispatchAsyncMessage] Error: PMessagePort::Msg_PostMessages Processing error: message was deserialized, but the handler returned false (indicating failure)

IPDL protocol error: Handler returned error code!

###!!! [Parent][DispatchAsyncMessage] Error: PMessagePort::Msg_PostMessages Processing error: message was deserialized, but the handler returned false (indicating failure)

IPDL protocol error: Handler returned error code!

###!!! [Parent][DispatchAsyncMessage] Error: PMessagePort::Msg_PostMessages Processing error: message was deserialized, but the handler returned false (indicating failure)

IPDL protocol error: Handler returned error code!

###!!! [Parent][DispatchAsyncMessage] Error: PMessagePort::Msg_PostMessages Processing error: message was deserialized, but the handler returned false (indicating failure)

IPDL protocol error: Handler returned error code!

###!!! [Parent][DispatchAsyncMessage] Error: PMessagePort::Msg_PostMessages Processing error: message was deserialized, but the handler returned false (indicating failure)

IPDL protocol error: Handler returned error code!

###!!! [Parent][DispatchAsyncMessage] Error: PMessagePort::Msg_PostMessages Processing error: message was deserialized, but the handler returned false (indicating failure)

IPDL protocol error: Handler returned error code!

###!!! [Parent][DispatchAsyncMessage] Error: PMessagePort::Msg_PostMessages Processing error: message was deserialized, but the handler returned false (indicating failure)

IPDL protocol error: Handler returned error code!

###!!! [Parent][DispatchAsyncMessage] Error: PMessagePort::Msg_PostMessages Processing error: message was deserialized, but the handler returned false (indicating failure)

IPDL protocol error: Handler returned error code!

###!!! [Parent][DispatchAsyncMessage] Error: PMessagePort::Msg_PostMessages Processing error: message was deserialized, but the handler returned false (indicating failure)

IPDL protocol error: Handler returned error code!

###!!! [Parent][DispatchAsyncMessage] Error: PMessagePort::Msg_PostMessages Processing error: message was deserialized, but the handler returned false (indicating failure)

IPDL protocol error: Handler returned error code!

###!!! [Parent][DispatchAsyncMessage] Error: PMessagePort::Msg_PostMessages Processing error: message was deserialized, but the handler returned false (indicating failure)

IPDL protocol error: Handler returned error code!

###!!! [Parent][DispatchAsyncMessage] Error: PMessagePort::Msg_PostMessages Processing error: message was deserialized, but the handler returned false (indicating failure)

1623962162226	Marionette	INFO	Stopped listening on port 41813
1623962587065	geckodriver	INFO	Listening on 127.0.0.1:34641
1623962587067	mozrunner::runner	INFO	Running command: "/usr/bin/firefox" "--marionette" "-foreground" "-no-remote" "-profile" "/tmp/rust_mozprofilefc0gPa"
1623962587488	Marionette	INFO	Marionette enabled
console.warn: SearchSettings: "get: No settings file exists, new profile?" (new NotFoundError("Could not open the file at /tmp/rust_mozprofilefc0gPa/search.json.mozlz4", (void 0)))
1623962588746	Marionette	INFO	Listening on port 33003
1623962588786	Marionette	WARN	TLS certificate errors will be ignored for this session
JavaScript error: https://mediasaturn.salesmanago.pl/static/sm.js?Aka3pmProtected=true, line 1: Error: Loading chunk 5 failed.
JavaScript error: , line 0: uncaught exception: undefined
IPDL protocol error: Handler returned error code!

###!!! [Parent][DispatchAsyncMessage] Error: PMessagePort::Msg_PostMessages Processing error: message was deserialized, but the handler returned false (indicating failure)

JavaScript error: https://mediasaturn.salesmanago.pl/static/sm.js?Aka3pmProtected=true, line 1: Error: Loading chunk 5 failed.
JavaScript error: , line 0: uncaught exception: undefined
IPDL protocol error: Handler returned error code!

###!!! [Parent][DispatchAsyncMessage] Error: PMessagePort::Msg_PostMessages Processing error: message was deserialized, but the handler returned false (indicating failure)

JavaScript error: https://mediasaturn.salesmanago.pl/static/sm.js?Aka3pmProtected=true, line 1: Error: Loading chunk 5 failed.
JavaScript error: , line 0: uncaught exception: undefined
IPDL protocol error: Handler returned error code!

###!!! [Parent][DispatchAsyncMessage] Error: PMessagePort::Msg_PostMessages Processing error: message was deserialized, but the handler returned false (indicating failure)

JavaScript error: https://mediasaturn.salesmanago.pl/static/sm.js?Aka3pmProtected=true, line 1: Error: Loading chunk 5 failed.
JavaScript error: , line 0: uncaught exception: undefined
IPDL protocol error: Handler returned error code!

###!!! [Parent][DispatchAsyncMessage] Error: PMessagePort::Msg_PostMessages Processing error: message was deserialized, but the handler returned false (indicating failure)

JavaScript error: https://mediasaturn.salesmanago.pl/static/sm.js?Aka3pmProtected=true, line 1: Error: Loading chunk 5 failed.
JavaScript error: , line 0: uncaught exception: undefined
IPDL protocol error: Handler returned error code!

###!!! [Parent][DispatchAsyncMessage] Error: PMessagePort::Msg_PostMessages Processing error: message was deserialized, but the handler returned false (indicating failure)

JavaScript error: https://mediasaturn.salesmanago.pl/static/sm.js?Aka3pmProtected=true, line 1: Error: Loading chunk 5 failed.
JavaScript error: , line 0: uncaught exception: undefined
IPDL protocol error: Handler returned error code!

###!!! [Parent][DispatchAsyncMessage] Error: PMessagePort::Msg_PostMessages Processing error: message was deserialized, but the handler returned false (indicating failure)

JavaScript error: https://mediasaturn.salesmanago.pl/static/sm.js?Aka3pmProtected=true, line 1: Error: Loading chunk 5 failed.
JavaScript error: , line 0: uncaught exception: undefined
IPDL protocol error: Handler returned error code!

###!!! [Parent][DispatchAsyncMessage] Error: PMessagePort::Msg_PostMessages Processing error: message was deserialized, but the handler returned false (indicating failure)

JavaScript error: https://mediasaturn.salesmanago.pl/static/sm.js?Aka3pmProtected=true, line 1: Error: Loading chunk 5 failed.
JavaScript error: , line 0: uncaught exception: undefined
IPDL protocol error: Handler returned error code!

###!!! [Parent][DispatchAsyncMessage] Error: PMessagePort::Msg_PostMessages Processing error: message was deserialized, but the handler returned false (indicating failure)

JavaScript error: https://mediasaturn.salesmanago.pl/static/sm.js?Aka3pmProtected=true, line 1: Error: Loading chunk 5 failed.
JavaScript error: , line 0: uncaught exception: undefined
IPDL protocol error: Handler returned error code!

###!!! [Parent][DispatchAsyncMessage] Error: PMessagePort::Msg_PostMessages Processing error: message was deserialized, but the handler returned false (indicating failure)

JavaScript error: https://mediasaturn.salesmanago.pl/static/sm.js?Aka3pmProtected=true, line 1: Error: Loading chunk 5 failed.
JavaScript error: , line 0: uncaught exception: undefined
IPDL protocol error: Handler returned error code!

###!!! [Parent][DispatchAsyncMessage] Error: PMessagePort::Msg_PostMessages Processing error: message was deserialized, but the handler returned false (indicating failure)

JavaScript error: https://mediasaturn.salesmanago.pl/static/sm.js?Aka3pmProtected=true, line 1: Error: Loading chunk 5 failed.
JavaScript error: , line 0: uncaught exception: undefined
IPDL protocol error: Handler returned error code!

###!!! [Parent][DispatchAsyncMessage] Error: PMessagePort::Msg_PostMessages Processing error: message was deserialized, but the handler returned false (indicating failure)

JavaScript error: https://mediasaturn.salesmanago.pl/static/sm.js?Aka3pmProtected=true, line 1: Error: Loading chunk 5 failed.
JavaScript error: , line 0: uncaught exception: undefined
IPDL protocol error: Handler returned error code!

###!!! [Parent][DispatchAsyncMessage] Error: PMessagePort::Msg_PostMessages Processing error: message was deserialized, but the handler returned false (indicating failure)

JavaScript error: https://mediasaturn.salesmanago.pl/static/sm.js?Aka3pmProtected=true, line 1: Error: Loading chunk 5 failed.
JavaScript error: , line 0: uncaught exception: undefined
IPDL protocol error: Handler returned error code!

###!!! [Parent][DispatchAsyncMessage] Error: PMessagePort::Msg_PostMessages Processing error: message was deserialized, but the handler returned false (indicating failure)

JavaScript error: https://mediasaturn.salesmanago.pl/static/sm.js?Aka3pmProtected=true, line 1: Error: Loading chunk 5 failed.
JavaScript error: https://cdn.livechatinc.com/tracking.js?Aka3pmProtected=true, line 1: Error: JSONP request failed.
JavaScript error: , line 0: uncaught exception: undefined
IPDL protocol error: Handler returned error code!

###!!! [Parent][DispatchAsyncMessage] Error: PMessagePort::Msg_PostMessages Processing error: message was deserialized, but the handler returned false (indicating failure)

JavaScript error: https://mediasaturn.salesmanago.pl/static/sm.js?Aka3pmProtected=true, line 1: Error: Loading chunk 5 failed.
JavaScript error: , line 0: uncaught exception: undefined
IPDL protocol error: Handler returned error code!

###!!! [Parent][DispatchAsyncMessage] Error: PMessagePort::Msg_PostMessages Processing error: message was deserialized, but the handler returned false (indicating failure)

JavaScript error: https://mediasaturn.salesmanago.pl/static/sm.js?Aka3pmProtected=true, line 1: Error: Loading chunk 5 failed.
JavaScript error: , line 0: uncaught exception: undefined
IPDL protocol error: Handler returned error code!

###!!! [Parent][DispatchAsyncMessage] Error: PMessagePort::Msg_PostMessages Processing error: message was deserialized, but the handler returned false (indicating failure)

JavaScript error: https://mediasaturn.salesmanago.pl/static/sm.js?Aka3pmProtected=true, line 1: Error: Loading chunk 5 failed.
JavaScript error: , line 0: uncaught exception: undefined
1623962701954	Marionette	INFO	Stopped listening on port 33003

###!!! [Parent][RunMessage] Error: Channel closing: too late to send/recv, messages will be lost

1624090531244	geckodriver	INFO	Listening on 127.0.0.1:60155
1624090531246	mozrunner::runner	INFO	Running command: "/usr/bin/firefox" "--marionette" "-foreground" "-no-remote" "-profile" "/tmp/rust_mozprofileCn7uyO"
1624090531616	Marionette	INFO	Marionette enabled
console.warn: SearchSettings: "get: No settings file exists, new profile?" (new NotFoundError("Could not open the file at /tmp/rust_mozprofileCn7uyO/search.json.mozlz4", (void 0)))
1624090532629	Marionette	INFO	Listening on port 37455
1624090532669	Marionette	WARN	TLS certificate errors will be ignored for this session
IPDL protocol error: Handler returned error code!

###!!! [Parent][DispatchAsyncMessage] Error: PMessagePort::Msg_PostMessages Processing error: message was deserialized, but the handler returned false (indicating failure)

IPDL protocol error: Handler returned error code!

###!!! [Parent][DispatchAsyncMessage] Error: PMessagePort::Msg_PostMessages Processing error: message was deserialized, but the handler returned false (indicating failure)

IPDL protocol error: Handler returned error code!

###!!! [Parent][DispatchAsyncMessage] Error: PMessagePort::Msg_PostMessages Processing error: message was deserialized, but the handler returned false (indicating failure)

IPDL protocol error: Handler returned error code!

###!!! [Parent][DispatchAsyncMessage] Error: PMessagePort::Msg_PostMessages Processing error: message was deserialized, but the handler returned false (indicating failure)

JavaScript error: https://mediamarkt.pl/akam-sw.js, line 1: TypeError: r is undefined
JavaScript error: https://mediamarkt.pl/akam-sw.js, line 1: TypeError: r is undefined
JavaScript error: https://mediasaturn.salesmanago.pl/static/sm.js?Aka3pmProtected=true, line 1: Error: Loading chunk 5 failed.
JavaScript error: , line 0: uncaught exception: undefined
IPDL protocol error: Handler returned error code!

###!!! [Parent][DispatchAsyncMessage] Error: PMessagePort::Msg_PostMessages Processing error: message was deserialized, but the handler returned false (indicating failure)

JavaScript error: https://mediasaturn.salesmanago.pl/static/sm.js?Aka3pmProtected=true, line 1: Error: Loading chunk 5 failed.
JavaScript error: , line 0: uncaught exception: undefined
IPDL protocol error: Handler returned error code!

###!!! [Parent][DispatchAsyncMessage] Error: PMessagePort::Msg_PostMessages Processing error: message was deserialized, but the handler returned false (indicating failure)

JavaScript error: https://mediasaturn.salesmanago.pl/static/sm.js?Aka3pmProtected=true, line 1: Error: Loading chunk 5 failed.
JavaScript error: , line 0: uncaught exception: undefined
JavaScript error: https://mediasaturn.salesmanago.pl/static/sm.js?Aka3pmProtected=true, line 1: Error: Loading chunk 5 failed.
JavaScript error: , line 0: uncaught exception: undefined
IPDL protocol error: Handler returned error code!

###!!! [Parent][DispatchAsyncMessage] Error: PMessagePort::Msg_PostMessages Processing error: message was deserialized, but the handler returned false (indicating failure)

JavaScript error: https://mediasaturn.salesmanago.pl/static/sm.js?Aka3pmProtected=true, line 1: Error: Loading chunk 5 failed.
JavaScript error: , line 0: uncaught exception: undefined
JavaScript error: https://mediasaturn.salesmanago.pl/static/sm.js?Aka3pmProtected=true, line 1: Error: Loading chunk 5 failed.
JavaScript error: , line 0: uncaught exception: undefined
JavaScript error: https://mediasaturn.salesmanago.pl/static/sm.js?Aka3pmProtected=true, line 1: Error: Loading chunk 5 failed.
JavaScript error: , line 0: uncaught exception: undefined
IPDL protocol error: Handler returned error code!

###!!! [Parent][DispatchAsyncMessage] Error: PMessagePort::Msg_PostMessages Processing error: message was deserialized, but the handler returned false (indicating failure)

JavaScript error: https://mediasaturn.salesmanago.pl/static/sm.js?Aka3pmProtected=true, line 1: Error: Loading chunk 5 failed.
JavaScript error: , line 0: uncaught exception: undefined
JavaScript error: https://mediasaturn.salesmanago.pl/static/sm.js?Aka3pmProtected=true, line 1: Error: Loading chunk 5 failed.
JavaScript error: , line 0: uncaught exception: undefined
IPDL protocol error: Handler returned error code!

###!!! [Parent][DispatchAsyncMessage] Error: PMessagePort::Msg_PostMessages Processing error: message was deserialized, but the handler returned false (indicating failure)

JavaScript error: https://mediasaturn.salesmanago.pl/static/sm.js?Aka3pmProtected=true, line 1: Error: Loading chunk 5 failed.
JavaScript error: , line 0: uncaught exception: undefined
1624090724040	Marionette	INFO	Stopped listening on port 37455

###!!! [Parent][RunMessage] Error: Channel closing: too late to send/recv, messages will be lost

1624090777763	geckodriver	INFO	Listening on 127.0.0.1:48265
1624090778773	mozrunner::runner	INFO	Running command: "/usr/bin/firefox" "--marionette" "-foreground" "-no-remote" "-profile" "/tmp/rust_mozprofile5RJdY2"
1624090779135	Marionette	INFO	Marionette enabled
console.warn: SearchSettings: "get: No settings file exists, new profile?" (new NotFoundError("Could not open the file at /tmp/rust_mozprofile5RJdY2/search.json.mozlz4", (void 0)))
1624090780250	Marionette	INFO	Listening on port 34205
1624090780286	Marionette	WARN	TLS certificate errors will be ignored for this session
1624091190543	Marionette	INFO	Stopped listening on port 34205

###!!! [Parent][RunMessage] Error: Channel closing: too late to send/recv, messages will be lost

1624108048711	geckodriver	INFO	Listening on 127.0.0.1:43771
1624108048715	mozrunner::runner	INFO	Running command: "/usr/bin/firefox" "--marionette" "-foreground" "-no-remote" "-profile" "/tmp/rust_mozprofileAiBnSh"
1624108049112	Marionette	INFO	Marionette enabled
console.warn: SearchSettings: "get: No settings file exists, new profile?" (new NotFoundError("Could not open the file at /tmp/rust_mozprofileAiBnSh/search.json.mozlz4", (void 0)))
1624108050320	Marionette	INFO	Listening on port 42245
1624108050455	Marionette	WARN	TLS certificate errors will be ignored for this session
1624108058273	Marionette	WARN	Ignoring event 'pageshow' because document has an invalid readyState of 'interactive'.
1624108112804	Marionette	INFO	Stopped listening on port 42245

###!!! [Parent][RunMessage] Error: Channel closing: too late to send/recv, messages will be lost

1624108118950	geckodriver	INFO	Listening on 127.0.0.1:48281
1624108119953	mozrunner::runner	INFO	Running command: "/usr/bin/firefox" "--marionette" "-foreground" "-no-remote" "-profile" "/tmp/rust_mozprofilezssQ8n"
1624108120314	Marionette	INFO	Marionette enabled
console.warn: SearchSettings: "get: No settings file exists, new profile?" (new NotFoundError("Could not open the file at /tmp/rust_mozprofilezssQ8n/search.json.mozlz4", (void 0)))
1624108121527	Marionette	INFO	Listening on port 39663
1624108121566	Marionette	WARN	TLS certificate errors will be ignored for this session
IPDL protocol error: Handler returned error code!

###!!! [Parent][DispatchAsyncMessage] Error: PMessagePort::Msg_PostMessages Processing error: message was deserialized, but the handler returned false (indicating failure)

IPDL protocol error: Handler returned error code!

###!!! [Parent][DispatchAsyncMessage] Error: PMessagePort::Msg_PostMessages Processing error: message was deserialized, but the handler returned false (indicating failure)

IPDL protocol error: Handler returned error code!

###!!! [Parent][DispatchAsyncMessage] Error: PMessagePort::Msg_PostMessages Processing error: message was deserialized, but the handler returned false (indicating failure)

IPDL protocol error: Handler returned error code!

###!!! [Parent][DispatchAsyncMessage] Error: PMessagePort::Msg_PostMessages Processing error: message was deserialized, but the handler returned false (indicating failure)

IPDL protocol error: Handler returned error code!

###!!! [Parent][DispatchAsyncMessage] Error: PMessagePort::Msg_PostMessages Processing error: message was deserialized, but the handler returned false (indicating failure)

IPDL protocol error: Handler returned error code!

###!!! [Parent][DispatchAsyncMessage] Error: PMessagePort::Msg_PostMessages Processing error: message was deserialized, but the handler returned false (indicating failure)

IPDL protocol error: Handler returned error code!

###!!! [Parent][DispatchAsyncMessage] Error: PMessagePort::Msg_PostMessages Processing error: message was deserialized, but the handler returned false (indicating failure)

IPDL protocol error: Handler returned error code!

###!!! [Parent][DispatchAsyncMessage] Error: PMessagePort::Msg_PostMessages Processing error: message was deserialized, but the handler returned false (indicating failure)

IPDL protocol error: Handler returned error code!

###!!! [Parent][DispatchAsyncMessage] Error: PMessagePort::Msg_PostMessages Processing error: message was deserialized, but the handler returned false (indicating failure)

IPDL protocol error: Handler returned error code!

###!!! [Parent][DispatchAsyncMessage] Error: PMessagePort::Msg_PostMessages Processing error: message was deserialized, but the handler returned false (indicating failure)

IPDL protocol error: Handler returned error code!

###!!! [Parent][DispatchAsyncMessage] Error: PMessagePort::Msg_PostMessages Processing error: message was deserialized, but the handler returned false (indicating failure)

IPDL protocol error: Handler returned error code!

###!!! [Parent][DispatchAsyncMessage] Error: PMessagePort::Msg_PostMessages Processing error: message was deserialized, but the handler returned false (indicating failure)

1624108209910	geckodriver	INFO	Listening on 127.0.0.1:56797
1624108210919	mozrunner::runner	INFO	Running command: "/usr/bin/firefox" "--marionette" "-foreground" "-no-remote" "-profile" "/tmp/rust_mozprofiledqTKoD"
1624108211356	Marionette	INFO	Marionette enabled
console.warn: SearchSettings: "get: No settings file exists, new profile?" (new NotFoundError("Could not open the file at /tmp/rust_mozprofiledqTKoD/search.json.mozlz4", (void 0)))
1624108212574	Marionette	INFO	Listening on port 46655
1624108212659	Marionette	WARN	TLS certificate errors will be ignored for this session
1624108621367	Marionette	INFO	Stopped listening on port 46655

###!!! [Parent][RunMessage] Error: Channel closing: too late to send/recv, messages will be lost

1624108704916	geckodriver	INFO	Listening on 127.0.0.1:57391
1624108704925	mozrunner::runner	INFO	Running command: "/usr/bin/firefox" "--marionette" "-foreground" "-no-remote" "-profile" "/tmp/rust_mozprofile1XGL6c"
1624108705423	Marionette	INFO	Marionette enabled
console.warn: SearchSettings: "get: No settings file exists, new profile?" (new NotFoundError("Could not open the file at /tmp/rust_mozprofile1XGL6c/search.json.mozlz4", (void 0)))
1624108706653	Marionette	INFO	Listening on port 36523
1624108706738	Marionette	WARN	TLS certificate errors will be ignored for this session
1624108724692	Marionette	INFO	Stopped listening on port 36523

###!!! [Parent][RunMessage] Error: Channel closing: too late to send/recv, messages will be lost

1624109710407	geckodriver	INFO	Listening on 127.0.0.1:51391
1624109711417	mozrunner::runner	INFO	Running command: "/usr/bin/firefox" "--marionette" "-foreground" "-no-remote" "-profile" "/tmp/rust_mozprofileUb1bYD"
1624109711831	Marionette	INFO	Marionette enabled
console.warn: SearchSettings: "get: No settings file exists, new profile?" (new NotFoundError("Could not open the file at /tmp/rust_mozprofileUb1bYD/search.json.mozlz4", (void 0)))
1624109712853	Marionette	INFO	Listening on port 35953
1624109712932	Marionette	WARN	TLS certificate errors will be ignored for this session
IPDL protocol error: Handler returned error code!

###!!! [Parent][DispatchAsyncMessage] Error: PMessagePort::Msg_PostMessages Processing error: message was deserialized, but the handler returned false (indicating failure)

Marionette threw an error: TypeError: browsingContextFn().currentWindowGlobal is null
getMarionetteCommandsActorProxy/get/<@chrome://marionette/content/actors/MarionetteCommandsParent.jsm:327:29

1624109721672	Marionette	INFO	Stopped listening on port 35953

###!!! [Parent][RunMessage] Error: Channel closing: too late to send/recv, messages will be lost

1624109765409	geckodriver	INFO	Listening on 127.0.0.1:33459
1624109766418	mozrunner::runner	INFO	Running command: "/usr/bin/firefox" "--marionette" "-foreground" "-no-remote" "-profile" "/tmp/rust_mozprofilex7Uzu5"
1624109766838	Marionette	INFO	Marionette enabled
console.warn: SearchSettings: "get: No settings file exists, new profile?" (new NotFoundError("Could not open the file at /tmp/rust_mozprofilex7Uzu5/search.json.mozlz4", (void 0)))
1624109767876	Marionette	INFO	Listening on port 33249
1624109767932	Marionette	WARN	TLS certificate errors will be ignored for this session
IPDL protocol error: Handler returned error code!

###!!! [Parent][DispatchAsyncMessage] Error: PMessagePort::Msg_PostMessages Processing error: message was deserialized, but the handler returned false (indicating failure)

IPDL protocol error: Handler returned error code!

###!!! [Parent][DispatchAsyncMessage] Error: PMessagePort::Msg_PostMessages Processing error: message was deserialized, but the handler returned false (indicating failure)

IPDL protocol error: Handler returned error code!

###!!! [Parent][DispatchAsyncMessage] Error: PMessagePort::Msg_PostMessages Processing error: message was deserialized, but the handler returned false (indicating failure)

IPDL protocol error: Handler returned error code!

###!!! [Parent][DispatchAsyncMessage] Error: PMessagePort::Msg_PostMessages Processing error: message was deserialized, but the handler returned false (indicating failure)

IPDL protocol error: Handler returned error code!

###!!! [Parent][DispatchAsyncMessage] Error: PMessagePort::Msg_PostMessages Processing error: message was deserialized, but the handler returned false (indicating failure)

IPDL protocol error: Handler returned error code!

###!!! [Parent][DispatchAsyncMessage] Error: PMessagePort::Msg_PostMessages Processing error: message was deserialized, but the handler returned false (indicating failure)

IPDL protocol error: Handler returned error code!

###!!! [Parent][DispatchAsyncMessage] Error: PMessagePort::Msg_PostMessages Processing error: message was deserialized, but the handler returned false (indicating failure)

IPDL protocol error: Handler returned error code!

###!!! [Parent][DispatchAsyncMessage] Error: PMessagePort::Msg_PostMessages Processing error: message was deserialized, but the handler returned false (indicating failure)

IPDL protocol error: Handler returned error code!

###!!! [Parent][DispatchAsyncMessage] Error: PMessagePort::Msg_PostMessages Processing error: message was deserialized, but the handler returned false (indicating failure)

IPDL protocol error: Handler returned error code!

###!!! [Parent][DispatchAsyncMessage] Error: PMessagePort::Msg_PostMessages Processing error: message was deserialized, but the handler returned false (indicating failure)

IPDL protocol error: Handler returned error code!

###!!! [Parent][DispatchAsyncMessage] Error: PMessagePort::Msg_PostMessages Processing error: message was deserialized, but the handler returned false (indicating failure)

IPDL protocol error: Handler returned error code!

###!!! [Parent][DispatchAsyncMessage] Error: PMessagePort::Msg_PostMessages Processing error: message was deserialized, but the handler returned false (indicating failure)

IPDL protocol error: Handler returned error code!

###!!! [Parent][DispatchAsyncMessage] Error: PMessagePort::Msg_PostMessages Processing error: message was deserialized, but the handler returned false (indicating failure)

1624109853235	Marionette	INFO	Stopped listening on port 33249

###!!! [Parent][RunMessage] Error: Channel closing: too late to send/recv, messages will be lost

1624109854028	geckodriver	INFO	Listening on 127.0.0.1:52039
1624109855037	mozrunner::runner	INFO	Running command: "/usr/bin/firefox" "--marionette" "-foreground" "-no-remote" "-profile" "/tmp/rust_mozprofileFdHBvM"
1624109855440	Marionette	INFO	Marionette enabled
console.warn: SearchSettings: "get: No settings file exists, new profile?" (new NotFoundError("Could not open the file at /tmp/rust_mozprofileFdHBvM/search.json.mozlz4", (void 0)))
1624109856589	Marionette	INFO	Listening on port 32985
1624109856679	Marionette	WARN	TLS certificate errors will be ignored for this session
1624110259059	Marionette	INFO	Stopped listening on port 32985

###!!! [Parent][RunMessage] Error: Channel closing: too late to send/recv, messages will be lost

1624111264041	geckodriver	INFO	Listening on 127.0.0.1:54925
1624111265051	mozrunner::runner	INFO	Running command: "/usr/bin/firefox" "--marionette" "-foreground" "-no-remote" "-profile" "/tmp/rust_mozprofileGkeUVt"
1624111265462	Marionette	INFO	Marionette enabled
console.warn: SearchSettings: "get: No settings file exists, new profile?" (new NotFoundError("Could not open the file at /tmp/rust_mozprofileGkeUVt/search.json.mozlz4", (void 0)))
1624111266567	Marionette	INFO	Listening on port 41391
1624111266692	Marionette	WARN	TLS certificate errors will be ignored for this session
JavaScript error: https://mediamarkt.pl/akam-sw.js, line 1: TypeError: r is undefined
JavaScript error: https://mediamarkt.pl/akam-sw.js, line 1: TypeError: r is undefined
JavaScript error: https://mediasaturn.salesmanago.pl/static/sm.js?Aka3pmProtected=true, line 1: Error: Loading chunk 5 failed.
JavaScript error: , line 0: uncaught exception: undefined
IPDL protocol error: Handler returned error code!

###!!! [Parent][DispatchAsyncMessage] Error: PMessagePort::Msg_PostMessages Processing error: message was deserialized, but the handler returned false (indicating failure)

JavaScript error: https://mediasaturn.salesmanago.pl/static/sm.js?Aka3pmProtected=true, line 1: Error: Loading chunk 5 failed.
JavaScript error: , line 0: uncaught exception: undefined
IPDL protocol error: Handler returned error code!

###!!! [Parent][DispatchAsyncMessage] Error: PMessagePort::Msg_PostMessages Processing error: message was deserialized, but the handler returned false (indicating failure)

JavaScript error: https://mediasaturn.salesmanago.pl/static/sm.js?Aka3pmProtected=true, line 1: Error: Loading chunk 5 failed.
JavaScript error: , line 0: uncaught exception: undefined
IPDL protocol error: Handler returned error code!

###!!! [Parent][DispatchAsyncMessage] Error: PMessagePort::Msg_PostMessages Processing error: message was deserialized, but the handler returned false (indicating failure)

JavaScript error: https://mediasaturn.salesmanago.pl/static/sm.js?Aka3pmProtected=true, line 1: Error: Loading chunk 5 failed.
JavaScript error: , line 0: uncaught exception: undefined
IPDL protocol error: Handler returned error code!

###!!! [Parent][DispatchAsyncMessage] Error: PMessagePort::Msg_PostMessages Processing error: message was deserialized, but the handler returned false (indicating failure)

JavaScript error: https://mediasaturn.salesmanago.pl/static/sm.js?Aka3pmProtected=true, line 1: Error: Loading chunk 5 failed.
JavaScript error: , line 0: uncaught exception: undefined
IPDL protocol error: Handler returned error code!

###!!! [Parent][DispatchAsyncMessage] Error: PMessagePort::Msg_PostMessages Processing error: message was deserialized, but the handler returned false (indicating failure)

JavaScript error: https://mediasaturn.salesmanago.pl/static/sm.js?Aka3pmProtected=true, line 1: Error: Loading chunk 5 failed.
JavaScript error: , line 0: uncaught exception: undefined
IPDL protocol error: Handler returned error code!

###!!! [Parent][DispatchAsyncMessage] Error: PMessagePort::Msg_PostMessages Processing error: message was deserialized, but the handler returned false (indicating failure)

JavaScript error: https://mediasaturn.salesmanago.pl/static/sm.js?Aka3pmProtected=true, line 1: Error: Loading chunk 5 failed.
JavaScript error: , line 0: uncaught exception: undefined
IPDL protocol error: Handler returned error code!

###!!! [Parent][DispatchAsyncMessage] Error: PMessagePort::Msg_PostMessages Processing error: message was deserialized, but the handler returned false (indicating failure)

JavaScript error: https://mediasaturn.salesmanago.pl/static/sm.js?Aka3pmProtected=true, line 1: Error: Loading chunk 5 failed.
JavaScript error: , line 0: uncaught exception: undefined
IPDL protocol error: Handler returned error code!

###!!! [Parent][DispatchAsyncMessage] Error: PMessagePort::Msg_PostMessages Processing error: message was deserialized, but the handler returned false (indicating failure)

JavaScript error: https://mediasaturn.salesmanago.pl/static/sm.js?Aka3pmProtected=true, line 1: Error: Loading chunk 5 failed.
JavaScript error: , line 0: uncaught exception: undefined
IPDL protocol error: Handler returned error code!

###!!! [Parent][DispatchAsyncMessage] Error: PMessagePort::Msg_PostMessages Processing error: message was deserialized, but the handler returned false (indicating failure)

JavaScript error: https://mediasaturn.salesmanago.pl/static/sm.js?Aka3pmProtected=true, line 1: Error: Loading chunk 5 failed.
JavaScript error: , line 0: uncaught exception: undefined
IPDL protocol error: Handler returned error code!

###!!! [Parent][DispatchAsyncMessage] Error: PMessagePort::Msg_PostMessages Processing error: message was deserialized, but the handler returned false (indicating failure)

JavaScript error: https://mediasaturn.salesmanago.pl/static/sm.js?Aka3pmProtected=true, line 1: Error: Loading chunk 5 failed.
JavaScript error: , line 0: uncaught exception: undefined
IPDL protocol error: Handler returned error code!

###!!! [Parent][DispatchAsyncMessage] Error: PMessagePort::Msg_PostMessages Processing error: message was deserialized, but the handler returned false (indicating failure)

JavaScript error: https://mediasaturn.salesmanago.pl/static/sm.js?Aka3pmProtected=true, line 1: Error: Loading chunk 5 failed.
JavaScript error: , line 0: uncaught exception: undefined
IPDL protocol error: Handler returned error code!

###!!! [Parent][DispatchAsyncMessage] Error: PMessagePort::Msg_PostMessages Processing error: message was deserialized, but the handler returned false (indicating failure)

JavaScript error: https://mediasaturn.salesmanago.pl/static/sm.js?Aka3pmProtected=true, line 1: Error: Loading chunk 5 failed.
JavaScript error: , line 0: uncaught exception: undefined
IPDL protocol error: Handler returned error code!

###!!! [Parent][DispatchAsyncMessage] Error: PMessagePort::Msg_PostMessages Processing error: message was deserialized, but the handler returned false (indicating failure)

JavaScript error: https://mediasaturn.salesmanago.pl/static/sm.js?Aka3pmProtected=true, line 1: Error: Loading chunk 5 failed.
JavaScript error: , line 0: uncaught exception: undefined
IPDL protocol error: Handler returned error code!

###!!! [Parent][DispatchAsyncMessage] Error: PMessagePort::Msg_PostMessages Processing error: message was deserialized, but the handler returned false (indicating failure)

JavaScript error: https://mediasaturn.salesmanago.pl/static/sm.js?Aka3pmProtected=true, line 1: Error: Loading chunk 5 failed.
JavaScript error: , line 0: uncaught exception: undefined
IPDL protocol error: Handler returned error code!

###!!! [Parent][DispatchAsyncMessage] Error: PMessagePort::Msg_PostMessages Processing error: message was deserialized, but the handler returned false (indicating failure)

JavaScript error: https://mediasaturn.salesmanago.pl/static/sm.js?Aka3pmProtected=true, line 1: Error: Loading chunk 5 failed.
1624111360915	Marionette	INFO	Stopped listening on port 41391
JavaScript error: chrome://global/content/elements/browser-custom-element.js, line 1716: NotFoundError: No such JSWindowActor 'MarionetteEvents'
JavaScript error: https://cdn.livechatinc.com/tracking.js?Aka3pmProtected=true, line 1: NS_ERROR_NOT_INITIALIZED: 

###!!! [Parent][RunMessage] Error: Channel closing: too late to send/recv, messages will be lost

1624111361620	geckodriver	INFO	Listening on 127.0.0.1:46153
1624111362628	mozrunner::runner	INFO	Running command: "/usr/bin/firefox" "--marionette" "-foreground" "-no-remote" "-profile" "/tmp/rust_mozprofileeUl8b9"
1624111363077	Marionette	INFO	Marionette enabled
console.warn: SearchSettings: "get: No settings file exists, new profile?" (new NotFoundError("Could not open the file at /tmp/rust_mozprofileeUl8b9/search.json.mozlz4", (void 0)))
1624111364182	Marionette	INFO	Listening on port 44335
1624111364256	Marionette	WARN	TLS certificate errors will be ignored for this session
1624111769113	Marionette	INFO	Stopped listening on port 44335

###!!! [Parent][RunMessage] Error: Channel closing: too late to send/recv, messages will be lost

1624111887814	Marionette	INFO	Stopped listening on port 39663

###!!! [Parent][RunMessage] Error: Channel closing: too late to send/recv, messages will be lost

1624114639043	geckodriver	INFO	Listening on 127.0.0.1:46229
1624114640052	mozrunner::runner	INFO	Running command: "/usr/bin/firefox" "--marionette" "-foreground" "-no-remote" "-profile" "/tmp/rust_mozprofile9I2ndh"
1624114640415	Marionette	INFO	Marionette enabled
console.warn: SearchSettings: "get: No settings file exists, new profile?" (new NotFoundError("Could not open the file at /tmp/rust_mozprofile9I2ndh/search.json.mozlz4", (void 0)))
1624114641431	Marionette	INFO	Listening on port 37147
1624114641472	Marionette	WARN	TLS certificate errors will be ignored for this session
IPDL protocol error: Handler returned error code!

###!!! [Parent][DispatchAsyncMessage] Error: PMessagePort::Msg_PostMessages Processing error: message was deserialized, but the handler returned false (indicating failure)

IPDL protocol error: Handler returned error code!

###!!! [Parent][DispatchAsyncMessage] Error: PMessagePort::Msg_PostMessages Processing error: message was deserialized, but the handler returned false (indicating failure)

IPDL protocol error: Handler returned error code!

###!!! [Parent][DispatchAsyncMessage] Error: PMessagePort::Msg_PostMessages Processing error: message was deserialized, but the handler returned false (indicating failure)

IPDL protocol error: Handler returned error code!

###!!! [Parent][DispatchAsyncMessage] Error: PMessagePort::Msg_PostMessages Processing error: message was deserialized, but the handler returned false (indicating failure)

IPDL protocol error: Handler returned error code!

###!!! [Parent][DispatchAsyncMessage] Error: PMessagePort::Msg_PostMessages Processing error: message was deserialized, but the handler returned false (indicating failure)

IPDL protocol error: Handler returned error code!

###!!! [Parent][DispatchAsyncMessage] Error: PMessagePort::Msg_PostMessages Processing error: message was deserialized, but the handler returned false (indicating failure)

IPDL protocol error: Handler returned error code!

###!!! [Parent][DispatchAsyncMessage] Error: PMessagePort::Msg_PostMessages Processing error: message was deserialized, but the handler returned false (indicating failure)

IPDL protocol error: Handler returned error code!

###!!! [Parent][DispatchAsyncMessage] Error: PMessagePort::Msg_PostMessages Processing error: message was deserialized, but the handler returned false (indicating failure)

IPDL protocol error: Handler returned error code!

###!!! [Parent][DispatchAsyncMessage] Error: PMessagePort::Msg_PostMessages Processing error: message was deserialized, but the handler returned false (indicating failure)

IPDL protocol error: Handler returned error code!

###!!! [Parent][DispatchAsyncMessage] Error: PMessagePort::Msg_PostMessages Processing error: message was deserialized, but the handler returned false (indicating failure)

IPDL protocol error: Handler returned error code!

###!!! [Parent][DispatchAsyncMessage] Error: PMessagePort::Msg_PostMessages Processing error: message was deserialized, but the handler returned false (indicating failure)

IPDL protocol error: Handler returned error code!

###!!! [Parent][DispatchAsyncMessage] Error: PMessagePort::Msg_PostMessages Processing error: message was deserialized, but the handler returned false (indicating failure)

JavaScript error: https://mediamarkt.pl/akam-sw.js, line 1: TypeError: r is undefined
JavaScript error: https://mediamarkt.pl/akam-sw.js, line 1: TypeError: r is undefined
1624114728999	Marionette	INFO	Stopped listening on port 37147

###!!! [Parent][RunMessage] Error: Channel closing: too late to send/recv, messages will be lost

1624114730227	geckodriver	INFO	Listening on 127.0.0.1:39191
1624114731236	mozrunner::runner	INFO	Running command: "/usr/bin/firefox" "--marionette" "-foreground" "-no-remote" "-profile" "/tmp/rust_mozprofilet6UikD"
1624114731595	Marionette	INFO	Marionette enabled
console.warn: SearchSettings: "get: No settings file exists, new profile?" (new NotFoundError("Could not open the file at /tmp/rust_mozprofilet6UikD/search.json.mozlz4", (void 0)))
1624114732726	Marionette	INFO	Listening on port 41405
1624114732750	Marionette	WARN	TLS certificate errors will be ignored for this session
1624115139118	Marionette	INFO	Stopped listening on port 41405

###!!! [Parent][RunMessage] Error: Channel closing: too late to send/recv, messages will be lost

